[0.041s] DEBUG:colcon:Command line arguments: ['/usr/bin/colcon', 'build', '--packages-select', 'cilent']
[0.041s] DEBUG:colcon:Parsed command line arguments: Namespace(log_base=None, log_level=None, verb_name='build', build_base='build', install_base='install', merge_install=False, symlink_install=False, test_result_base=None, continue_on_error=False, executor='parallel', parallel_workers=32, event_handlers=None, ignore_user_meta=False, metas=['./colcon.meta'], base_paths=['.'], packages_ignore=None, packages_ignore_regex=None, paths=None, packages_up_to=None, packages_up_to_regex=None, packages_above=None, packages_above_and_dependencies=None, packages_above_depth=None, packages_select_by_dep=None, packages_skip_by_dep=None, packages_skip_up_to=None, packages_select_build_failed=False, packages_skip_build_finished=False, packages_select_test_failures=False, packages_skip_test_passed=False, packages_select=['cilent'], packages_skip=None, packages_select_regex=None, packages_skip_regex=None, packages_start=None, packages_end=None, allow_overriding=[], cmake_args=None, cmake_target=None, cmake_target_skip_unavailable=False, cmake_clean_cache=False, cmake_clean_first=False, cmake_force_configure=False, ament_cmake_args=None, catkin_cmake_args=None, catkin_skip_building_tests=False, verb_parser=<colcon_defaults.argument_parser.defaults.DefaultArgumentsDecorator object at 0x7d02eefef130>, verb_extension=<colcon_core.verb.build.BuildVerb object at 0x7d02ef12c670>, main=<bound method BuildVerb.main of <colcon_core.verb.build.BuildVerb object at 0x7d02ef12c670>>)
[0.102s] Level 1:colcon.colcon_core.package_discovery:discover_packages(colcon_meta) check parameters
[0.102s] Level 1:colcon.colcon_core.package_discovery:discover_packages(recursive) check parameters
[0.102s] Level 1:colcon.colcon_core.package_discovery:discover_packages(ignore) check parameters
[0.102s] Level 1:colcon.colcon_core.package_discovery:discover_packages(path) check parameters
[0.102s] Level 1:colcon.colcon_core.package_discovery:discover_packages(colcon_meta) discover
[0.102s] Level 1:colcon.colcon_core.package_discovery:discover_packages(recursive) discover
[0.102s] INFO:colcon.colcon_core.package_discovery:Crawling recursively for packages in '/media/zdk/文件/ckyf/version/rm/rm/session2/work2/src'
[0.102s] Level 1:colcon.colcon_core.package_identification:_identify(.) by extensions ['ignore', 'ignore_ament_install']
[0.102s] Level 1:colcon.colcon_core.package_identification:_identify(.) by extension 'ignore'
[0.102s] Level 1:colcon.colcon_core.package_identification:_identify(.) by extension 'ignore_ament_install'
[0.102s] Level 1:colcon.colcon_core.package_identification:_identify(.) by extensions ['colcon_pkg']
[0.102s] Level 1:colcon.colcon_core.package_identification:_identify(.) by extension 'colcon_pkg'
[0.102s] Level 1:colcon.colcon_core.package_identification:_identify(.) by extensions ['colcon_meta']
[0.102s] Level 1:colcon.colcon_core.package_identification:_identify(.) by extension 'colcon_meta'
[0.102s] Level 1:colcon.colcon_core.package_identification:_identify(.) by extensions ['ros']
[0.102s] Level 1:colcon.colcon_core.package_identification:_identify(.) by extension 'ros'
[0.107s] Level 1:colcon.colcon_core.package_identification:_identify(.) by extensions ['cmake', 'python']
[0.107s] Level 1:colcon.colcon_core.package_identification:_identify(.) by extension 'cmake'
[0.107s] Level 1:colcon.colcon_core.package_identification:_identify(.) by extension 'python'
[0.107s] Level 1:colcon.colcon_core.package_identification:_identify(.) by extensions ['python_setup_py']
[0.107s] Level 1:colcon.colcon_core.package_identification:_identify(.) by extension 'python_setup_py'
[0.107s] Level 1:colcon.colcon_core.package_identification:_identify(build) by extensions ['ignore', 'ignore_ament_install']
[0.107s] Level 1:colcon.colcon_core.package_identification:_identify(build) by extension 'ignore'
[0.107s] Level 1:colcon.colcon_core.package_identification:_identify(build) ignored
[0.107s] Level 1:colcon.colcon_core.package_identification:_identify(cilent) by extensions ['ignore', 'ignore_ament_install']
[0.107s] Level 1:colcon.colcon_core.package_identification:_identify(cilent) by extension 'ignore'
[0.107s] Level 1:colcon.colcon_core.package_identification:_identify(cilent) by extension 'ignore_ament_install'
[0.107s] Level 1:colcon.colcon_core.package_identification:_identify(cilent) by extensions ['colcon_pkg']
[0.107s] Level 1:colcon.colcon_core.package_identification:_identify(cilent) by extension 'colcon_pkg'
[0.107s] Level 1:colcon.colcon_core.package_identification:_identify(cilent) by extensions ['colcon_meta']
[0.107s] Level 1:colcon.colcon_core.package_identification:_identify(cilent) by extension 'colcon_meta'
[0.107s] Level 1:colcon.colcon_core.package_identification:_identify(cilent) by extensions ['ros']
[0.107s] Level 1:colcon.colcon_core.package_identification:_identify(cilent) by extension 'ros'
[0.108s] DEBUG:colcon.colcon_core.package_identification:Package 'cilent' with type 'ros.ament_cmake' and name 'cilent'
[0.108s] Level 1:colcon.colcon_core.package_identification:_identify(install) by extensions ['ignore', 'ignore_ament_install']
[0.108s] Level 1:colcon.colcon_core.package_identification:_identify(install) by extension 'ignore'
[0.108s] Level 1:colcon.colcon_core.package_identification:_identify(install) ignored
[0.108s] Level 1:colcon.colcon_core.package_identification:_identify(log) by extensions ['ignore', 'ignore_ament_install']
[0.109s] Level 1:colcon.colcon_core.package_identification:_identify(log) by extension 'ignore'
[0.109s] Level 1:colcon.colcon_core.package_identification:_identify(log) ignored
[0.109s] Level 1:colcon.colcon_core.package_discovery:discover_packages(recursive) using defaults
[0.109s] Level 1:colcon.colcon_core.package_discovery:discover_packages(ignore) discover
[0.109s] Level 1:colcon.colcon_core.package_discovery:discover_packages(ignore) using defaults
[0.109s] Level 1:colcon.colcon_core.package_discovery:discover_packages(path) discover
[0.109s] Level 1:colcon.colcon_core.package_discovery:discover_packages(path) using defaults
[0.117s] Level 1:colcon.colcon_core.package_discovery:discover_packages(prefix_path) check parameters
[0.117s] Level 1:colcon.colcon_core.package_discovery:discover_packages(prefix_path) discover
[0.117s] WARNING:colcon.colcon_ros.prefix_path.ament:The path '/media/zdk/文件/ckyf/version/rm/rm/session2/work2/rm_server/rm_server' in the environment variable AMENT_PREFIX_PATH doesn't contain any 'local_setup.*' files.
[0.117s] WARNING:colcon.colcon_ros.prefix_path.ament:The path '/media/zdk/文件/ckyf/version/rm/rm/session2/work2/src/install/cilent' in the environment variable AMENT_PREFIX_PATH doesn't exist
[0.117s] WARNING:colcon.colcon_ros.prefix_path.catkin:The path '/media/zdk/文件/ckyf/version/rm/rm/session2/work2/src/install/cilent' in the environment variable CMAKE_PREFIX_PATH doesn't exist
[0.118s] DEBUG:colcon.colcon_installed_package_information.package_discovery:Found 0 installed packages in /media/zdk/文件/ckyf/version/rm/rm/session2/work2/src/install
[0.118s] DEBUG:colcon.colcon_installed_package_information.package_discovery:Found 272 installed packages in /opt/ros/humble
[0.119s] Level 1:colcon.colcon_core.package_discovery:discover_packages(prefix_path) using defaults
[0.137s] Level 5:colcon.colcon_core.verb:set package 'cilent' build argument 'cmake_args' from command line to 'None'
[0.137s] Level 5:colcon.colcon_core.verb:set package 'cilent' build argument 'cmake_target' from command line to 'None'
[0.138s] Level 5:colcon.colcon_core.verb:set package 'cilent' build argument 'cmake_target_skip_unavailable' from command line to 'False'
[0.138s] Level 5:colcon.colcon_core.verb:set package 'cilent' build argument 'cmake_clean_cache' from command line to 'False'
[0.138s] Level 5:colcon.colcon_core.verb:set package 'cilent' build argument 'cmake_clean_first' from command line to 'False'
[0.138s] Level 5:colcon.colcon_core.verb:set package 'cilent' build argument 'cmake_force_configure' from command line to 'False'
[0.138s] Level 5:colcon.colcon_core.verb:set package 'cilent' build argument 'ament_cmake_args' from command line to 'None'
[0.138s] Level 5:colcon.colcon_core.verb:set package 'cilent' build argument 'catkin_cmake_args' from command line to 'None'
[0.138s] Level 5:colcon.colcon_core.verb:set package 'cilent' build argument 'catkin_skip_building_tests' from command line to 'False'
[0.138s] DEBUG:colcon.colcon_core.verb:Building package 'cilent' with the following arguments: {'ament_cmake_args': None, 'build_base': '/media/zdk/文件/ckyf/version/rm/rm/session2/work2/src/build/cilent', 'catkin_cmake_args': None, 'catkin_skip_building_tests': False, 'cmake_args': None, 'cmake_clean_cache': False, 'cmake_clean_first': False, 'cmake_force_configure': False, 'cmake_target': None, 'cmake_target_skip_unavailable': False, 'install_base': '/media/zdk/文件/ckyf/version/rm/rm/session2/work2/src/install/cilent', 'merge_install': False, 'path': '/media/zdk/文件/ckyf/version/rm/rm/session2/work2/src/cilent', 'symlink_install': False, 'test_result_base': None}
[0.138s] INFO:colcon.colcon_core.executor:Executing jobs using 'parallel' executor
[0.138s] DEBUG:colcon.colcon_parallel_executor.executor.parallel:run_until_complete
[0.138s] INFO:colcon.colcon_ros.task.ament_cmake.build:Building ROS package in '/media/zdk/文件/ckyf/version/rm/rm/session2/work2/src/cilent' with build type 'ament_cmake'
[0.138s] INFO:colcon.colcon_cmake.task.cmake.build:Building CMake package in '/media/zdk/文件/ckyf/version/rm/rm/session2/work2/src/cilent'
[0.139s] INFO:colcon.colcon_core.plugin_system:Skipping extension 'colcon_core.shell.bat': Not used on non-Windows systems
[0.139s] INFO:colcon.colcon_core.shell:Skip shell extension 'powershell' for command environment: Not usable outside of PowerShell
[0.139s] DEBUG:colcon.colcon_core.shell:Skip shell extension 'dsv' for command environment
[0.140s] DEBUG:colcon.colcon_core.shell:Ignoring prefix path '/media/zdk/文件/ckyf/version/rm/rm/session2/work2/rm_server'
[0.144s] DEBUG:colcon.colcon_core.event_handler.log_command:Invoking command in '/media/zdk/文件/ckyf/version/rm/rm/session2/work2/src/build/cilent': CMAKE_PREFIX_PATH=${CMAKE_PREFIX_PATH}:/opt/ros/humble /usr/bin/cmake /media/zdk/文件/ckyf/version/rm/rm/session2/work2/src/cilent -DCMAKE_INSTALL_PREFIX=/media/zdk/文件/ckyf/version/rm/rm/session2/work2/src/install/cilent
[0.833s] DEBUG:colcon.colcon_core.event_handler.log_command:Invoked command in '/media/zdk/文件/ckyf/version/rm/rm/session2/work2/src/build/cilent' returned '0': CMAKE_PREFIX_PATH=${CMAKE_PREFIX_PATH}:/opt/ros/humble /usr/bin/cmake /media/zdk/文件/ckyf/version/rm/rm/session2/work2/src/cilent -DCMAKE_INSTALL_PREFIX=/media/zdk/文件/ckyf/version/rm/rm/session2/work2/src/install/cilent
[0.834s] DEBUG:colcon.colcon_core.event_handler.log_command:Invoking command in '/media/zdk/文件/ckyf/version/rm/rm/session2/work2/src/build/cilent': CMAKE_PREFIX_PATH=${CMAKE_PREFIX_PATH}:/opt/ros/humble /usr/bin/cmake --build /media/zdk/文件/ckyf/version/rm/rm/session2/work2/src/build/cilent -- -j32 -l32
[4.896s] DEBUG:colcon.colcon_core.event_handler.log_command:Invoked command in '/media/zdk/文件/ckyf/version/rm/rm/session2/work2/src/build/cilent' returned '0': CMAKE_PREFIX_PATH=${CMAKE_PREFIX_PATH}:/opt/ros/humble /usr/bin/cmake --build /media/zdk/文件/ckyf/version/rm/rm/session2/work2/src/build/cilent -- -j32 -l32
[4.903s] DEBUG:colcon.colcon_core.event_handler.log_command:Invoking command in '/media/zdk/文件/ckyf/version/rm/rm/session2/work2/src/build/cilent': CMAKE_PREFIX_PATH=${CMAKE_PREFIX_PATH}:/opt/ros/humble /usr/bin/cmake --install /media/zdk/文件/ckyf/version/rm/rm/session2/work2/src/build/cilent
[4.909s] Level 1:colcon.colcon_core.environment:create_environment_scripts_only(cilent)
[4.910s] DEBUG:colcon.colcon_core.event_handler.log_command:Invoked command in '/media/zdk/文件/ckyf/version/rm/rm/session2/work2/src/build/cilent' returned '0': CMAKE_PREFIX_PATH=${CMAKE_PREFIX_PATH}:/opt/ros/humble /usr/bin/cmake --install /media/zdk/文件/ckyf/version/rm/rm/session2/work2/src/build/cilent
[4.911s] Level 1:colcon.colcon_core.environment:checking '/media/zdk/文件/ckyf/version/rm/rm/session2/work2/src/install/cilent' for CMake module files
[4.911s] Level 1:colcon.colcon_core.environment:checking '/media/zdk/文件/ckyf/version/rm/rm/session2/work2/src/install/cilent' for CMake config files
[4.911s] Level 1:colcon.colcon_core.shell:create_environment_hook('cilent', 'cmake_prefix_path')
[4.911s] INFO:colcon.colcon_core.shell:Creating environment hook '/media/zdk/文件/ckyf/version/rm/rm/session2/work2/src/install/cilent/share/cilent/hook/cmake_prefix_path.ps1'
[4.911s] INFO:colcon.colcon_core.shell:Creating environment descriptor '/media/zdk/文件/ckyf/version/rm/rm/session2/work2/src/install/cilent/share/cilent/hook/cmake_prefix_path.dsv'
[4.911s] INFO:colcon.colcon_core.shell:Creating environment hook '/media/zdk/文件/ckyf/version/rm/rm/session2/work2/src/install/cilent/share/cilent/hook/cmake_prefix_path.sh'
[4.912s] Level 1:colcon.colcon_core.environment:checking '/media/zdk/文件/ckyf/version/rm/rm/session2/work2/src/install/cilent/lib'
[4.912s] Level 1:colcon.colcon_core.environment:checking '/media/zdk/文件/ckyf/version/rm/rm/session2/work2/src/install/cilent/bin'
[4.912s] Level 1:colcon.colcon_core.environment:checking '/media/zdk/文件/ckyf/version/rm/rm/session2/work2/src/install/cilent/lib/pkgconfig/cilent.pc'
[4.912s] Level 1:colcon.colcon_core.environment:checking '/media/zdk/文件/ckyf/version/rm/rm/session2/work2/src/install/cilent/lib/python3.10/site-packages'
[4.912s] Level 1:colcon.colcon_core.environment:checking '/media/zdk/文件/ckyf/version/rm/rm/session2/work2/src/install/cilent/bin'
[4.912s] INFO:colcon.colcon_core.shell:Creating package script '/media/zdk/文件/ckyf/version/rm/rm/session2/work2/src/install/cilent/share/cilent/package.ps1'
[4.913s] INFO:colcon.colcon_core.shell:Creating package descriptor '/media/zdk/文件/ckyf/version/rm/rm/session2/work2/src/install/cilent/share/cilent/package.dsv'
[4.913s] INFO:colcon.colcon_core.shell:Creating package script '/media/zdk/文件/ckyf/version/rm/rm/session2/work2/src/install/cilent/share/cilent/package.sh'
[4.913s] INFO:colcon.colcon_core.shell:Creating package script '/media/zdk/文件/ckyf/version/rm/rm/session2/work2/src/install/cilent/share/cilent/package.bash'
[4.913s] INFO:colcon.colcon_core.shell:Creating package script '/media/zdk/文件/ckyf/version/rm/rm/session2/work2/src/install/cilent/share/cilent/package.zsh'
[4.914s] Level 1:colcon.colcon_core.environment:create_file_with_runtime_dependencies(/media/zdk/文件/ckyf/version/rm/rm/session2/work2/src/install/cilent/share/colcon-core/packages/cilent)
[4.914s] Level 1:colcon.colcon_core.environment:create_environment_scripts_only(cilent)
[4.914s] Level 1:colcon.colcon_core.environment:checking '/media/zdk/文件/ckyf/version/rm/rm/session2/work2/src/install/cilent' for CMake module files
[4.914s] Level 1:colcon.colcon_core.environment:checking '/media/zdk/文件/ckyf/version/rm/rm/session2/work2/src/install/cilent' for CMake config files
[4.914s] Level 1:colcon.colcon_core.shell:create_environment_hook('cilent', 'cmake_prefix_path')
[4.914s] INFO:colcon.colcon_core.shell:Creating environment hook '/media/zdk/文件/ckyf/version/rm/rm/session2/work2/src/install/cilent/share/cilent/hook/cmake_prefix_path.ps1'
[4.914s] INFO:colcon.colcon_core.shell:Creating environment descriptor '/media/zdk/文件/ckyf/version/rm/rm/session2/work2/src/install/cilent/share/cilent/hook/cmake_prefix_path.dsv'
[4.914s] INFO:colcon.colcon_core.shell:Creating environment hook '/media/zdk/文件/ckyf/version/rm/rm/session2/work2/src/install/cilent/share/cilent/hook/cmake_prefix_path.sh'
[4.915s] Level 1:colcon.colcon_core.environment:checking '/media/zdk/文件/ckyf/version/rm/rm/session2/work2/src/install/cilent/lib'
[4.915s] Level 1:colcon.colcon_core.environment:checking '/media/zdk/文件/ckyf/version/rm/rm/session2/work2/src/install/cilent/bin'
[4.915s] Level 1:colcon.colcon_core.environment:checking '/media/zdk/文件/ckyf/version/rm/rm/session2/work2/src/install/cilent/lib/pkgconfig/cilent.pc'
[4.915s] Level 1:colcon.colcon_core.environment:checking '/media/zdk/文件/ckyf/version/rm/rm/session2/work2/src/install/cilent/lib/python3.10/site-packages'
[4.915s] Level 1:colcon.colcon_core.environment:checking '/media/zdk/文件/ckyf/version/rm/rm/session2/work2/src/install/cilent/bin'
[4.915s] INFO:colcon.colcon_core.shell:Creating package script '/media/zdk/文件/ckyf/version/rm/rm/session2/work2/src/install/cilent/share/cilent/package.ps1'
[4.915s] INFO:colcon.colcon_core.shell:Creating package descriptor '/media/zdk/文件/ckyf/version/rm/rm/session2/work2/src/install/cilent/share/cilent/package.dsv'
[4.915s] INFO:colcon.colcon_core.shell:Creating package script '/media/zdk/文件/ckyf/version/rm/rm/session2/work2/src/install/cilent/share/cilent/package.sh'
[4.916s] INFO:colcon.colcon_core.shell:Creating package script '/media/zdk/文件/ckyf/version/rm/rm/session2/work2/src/install/cilent/share/cilent/package.bash'
[4.916s] INFO:colcon.colcon_core.shell:Creating package script '/media/zdk/文件/ckyf/version/rm/rm/session2/work2/src/install/cilent/share/cilent/package.zsh'
[4.916s] Level 1:colcon.colcon_core.environment:create_file_with_runtime_dependencies(/media/zdk/文件/ckyf/version/rm/rm/session2/work2/src/install/cilent/share/colcon-core/packages/cilent)
[4.916s] DEBUG:colcon.colcon_parallel_executor.executor.parallel:closing loop
[4.916s] DEBUG:colcon.colcon_parallel_executor.executor.parallel:loop closed
[4.916s] DEBUG:colcon.colcon_parallel_executor.executor.parallel:run_until_complete finished with '0'
[4.916s] DEBUG:colcon.colcon_core.event_reactor:joining thread
[4.918s] INFO:colcon.colcon_core.plugin_system:Skipping extension 'colcon_notification.desktop_notification.terminal_notifier': Not used on non-Darwin systems
[4.918s] INFO:colcon.colcon_core.plugin_system:Skipping extension 'colcon_notification.desktop_notification.win32': Not used on non-Windows systems
[4.918s] INFO:colcon.colcon_notification.desktop_notification:Sending desktop notification using 'notify2'
[4.926s] DEBUG:colcon.colcon_core.event_reactor:joined thread
[4.926s] INFO:colcon.colcon_core.shell:Creating prefix script '/media/zdk/文件/ckyf/version/rm/rm/session2/work2/src/install/local_setup.ps1'
[4.926s] INFO:colcon.colcon_core.shell:Creating prefix util module '/media/zdk/文件/ckyf/version/rm/rm/session2/work2/src/install/_local_setup_util_ps1.py'
[4.927s] INFO:colcon.colcon_core.shell:Creating prefix chain script '/media/zdk/文件/ckyf/version/rm/rm/session2/work2/src/install/setup.ps1'
[4.927s] INFO:colcon.colcon_core.shell:Creating prefix script '/media/zdk/文件/ckyf/version/rm/rm/session2/work2/src/install/local_setup.sh'
[4.927s] INFO:colcon.colcon_core.shell:Creating prefix util module '/media/zdk/文件/ckyf/version/rm/rm/session2/work2/src/install/_local_setup_util_sh.py'
[4.928s] INFO:colcon.colcon_core.shell:Creating prefix chain script '/media/zdk/文件/ckyf/version/rm/rm/session2/work2/src/install/setup.sh'
[4.928s] INFO:colcon.colcon_core.shell:Creating prefix script '/media/zdk/文件/ckyf/version/rm/rm/session2/work2/src/install/local_setup.bash'
[4.928s] INFO:colcon.colcon_core.shell:Creating prefix chain script '/media/zdk/文件/ckyf/version/rm/rm/session2/work2/src/install/setup.bash'
[4.929s] INFO:colcon.colcon_core.shell:Creating prefix script '/media/zdk/文件/ckyf/version/rm/rm/session2/work2/src/install/local_setup.zsh'
[4.929s] INFO:colcon.colcon_core.shell:Creating prefix chain script '/media/zdk/文件/ckyf/version/rm/rm/session2/work2/src/install/setup.zsh'
