-- The C compiler identification is GNU 11.4.0
-- The CXX compiler identification is GNU 11.4.0
-- Detecting C compiler ABI info
-- Detecting C compiler ABI info - done
-- Check for working C compiler: /usr/bin/cc - skipped
-- Detecting C compile features
-- Detecting C compile features - done
-- Detecting CXX compiler ABI info
-- Detecting CXX compiler ABI info - done
-- Check for working CXX compiler: /usr/bin/c++ - skipped
-- Detecting CXX compile features
-- Detecting CXX compile features - done
-- Found ament_cmake: 1.3.12 (/opt/ros/humble/share/ament_cmake/cmake)
-- Found Python3: /usr/bin/python3 (found version "3.10.12") found components: Interpreter 
-- Found rclcpp: 16.0.17 (/opt/ros/humble/share/rclcpp/cmake)
-- Found rosidl_generator_c: 3.1.8 (/opt/ros/humble/share/rosidl_generator_c/cmake)
-- Found rosidl_adapter: 3.1.8 (/opt/ros/humble/share/rosidl_adapter/cmake)
-- Found rosidl_generator_cpp: 3.1.8 (/opt/ros/humble/share/rosidl_generator_cpp/cmake)
-- Using all available rosidl_typesupport_c: rosidl_typesupport_fastrtps_c;rosidl_typesupport_introspection_c
-- Using all available rosidl_typesupport_cpp: rosidl_typesupport_fastrtps_cpp;rosidl_typesupport_introspection_cpp
-- Found rmw_implementation_cmake: 6.1.2 (/opt/ros/humble/share/rmw_implementation_cmake/cmake)
-- Found rmw_fastrtps_cpp: 6.2.9 (/opt/ros/humble/share/rmw_fastrtps_cpp/cmake)
-- Found OpenSSL: /usr/lib/x86_64-linux-gnu/libcrypto.so (found version "3.0.2")  
-- Found FastRTPS: /opt/ros/humble/include  
-- Using RMW implementation 'rmw_fastrtps_cpp' as default
-- Looking for pthread.h
-- Looking for pthread.h - found
-- Performing Test CMAKE_HAVE_LIBC_PTHREAD
-- Performing Test CMAKE_HAVE_LIBC_PTHREAD - Success
-- Found Threads: TRUE  
-- Use local rm_server prefix: /media/zdk/文件/ckyf/version/rm/rm/session2/work2/src/cilent/../../rm_server/rm_server
-- Found rm_server: 0.0.0 (/media/zdk/文件/ckyf/version/rm/rm/session2/work2/rm_server/rm_server/share/rm_server/cmake)
-- Found ament_lint_auto: 0.12.14 (/opt/ros/humble/share/ament_lint_auto/cmake)
-- Added test 'cppcheck' to perform static code analysis on C / C++ code
-- Configured cppcheck include dirs: 
-- Configured cppcheck exclude dirs and/or files: 
-- Added test 'lint_cmake' to check CMake code style
-- Added test 'uncrustify' to check C / C++ code style
-- Configured uncrustify additional arguments: 
-- Added test 'xmllint' to check XML markup files
-- Configuring done
-- Generating done
-- Build files have been written to: /media/zdk/文件/ckyf/version/rm/rm/session2/work2/src/build/cilent
[ 50%] [32mBuilding CXX object CMakeFiles/topic_listener.dir/src/topic_listener.cpp.o[0m
[100%] [32m[1mLinking CXX executable topic_listener[0m
[100%] Built target topic_listener
-- Install configuration: ""
-- Installing: /media/zdk/文件/ckyf/version/rm/rm/session2/work2/src/install/cilent/lib/cilent/topic_listener
-- Set runtime path of "/media/zdk/文件/ckyf/version/rm/rm/session2/work2/src/install/cilent/lib/cilent/topic_listener" to "/media/zdk/文件/ckyf/version/rm/rm/session2/work2/src/cilent/../../rm_server/rm_server/lib"
-- Installing: /media/zdk/文件/ckyf/version/rm/rm/session2/work2/src/install/cilent/share/ament_index/resource_index/package_run_dependencies/cilent
-- Installing: /media/zdk/文件/ckyf/version/rm/rm/session2/work2/src/install/cilent/share/ament_index/resource_index/parent_prefix_path/cilent
-- Installing: /media/zdk/文件/ckyf/version/rm/rm/session2/work2/src/install/cilent/share/cilent/environment/ament_prefix_path.sh
-- Installing: /media/zdk/文件/ckyf/version/rm/rm/session2/work2/src/install/cilent/share/cilent/environment/ament_prefix_path.dsv
-- Installing: /media/zdk/文件/ckyf/version/rm/rm/session2/work2/src/install/cilent/share/cilent/environment/path.sh
-- Installing: /media/zdk/文件/ckyf/version/rm/rm/session2/work2/src/install/cilent/share/cilent/environment/path.dsv
-- Installing: /media/zdk/文件/ckyf/version/rm/rm/session2/work2/src/install/cilent/share/cilent/local_setup.bash
-- Installing: /media/zdk/文件/ckyf/version/rm/rm/session2/work2/src/install/cilent/share/cilent/local_setup.sh
-- Installing: /media/zdk/文件/ckyf/version/rm/rm/session2/work2/src/install/cilent/share/cilent/local_setup.zsh
-- Installing: /media/zdk/文件/ckyf/version/rm/rm/session2/work2/src/install/cilent/share/cilent/local_setup.dsv
-- Installing: /media/zdk/文件/ckyf/version/rm/rm/session2/work2/src/install/cilent/share/cilent/package.dsv
-- Installing: /media/zdk/文件/ckyf/version/rm/rm/session2/work2/src/install/cilent/share/ament_index/resource_index/packages/cilent
-- Installing: /media/zdk/文件/ckyf/version/rm/rm/session2/work2/src/install/cilent/share/cilent/cmake/cilentConfig.cmake
-- Installing: /media/zdk/文件/ckyf/version/rm/rm/session2/work2/src/install/cilent/share/cilent/cmake/cilentConfig-version.cmake
-- Installing: /media/zdk/文件/ckyf/version/rm/rm/session2/work2/src/install/cilent/share/cilent/package.xml
