[0.005s] Invoking command in '/media/zdk/文件/ckyf/version/rm/rm/session2/work2/src/build/cilent': CMAKE_PREFIX_PATH=${CMAKE_PREFIX_PATH}:/opt/ros/humble /usr/bin/cmake /media/zdk/文件/ckyf/version/rm/rm/session2/work2/src/cilent -DCMAKE_INSTALL_PREFIX=/media/zdk/文件/ckyf/version/rm/rm/session2/work2/src/install/cilent
[0.044s] -- The C compiler identification is GNU 11.4.0
[0.073s] -- The CXX compiler identification is GNU 11.4.0
[0.076s] -- Detecting C compiler ABI info
[0.119s] -- Detecting C compiler ABI info - done
[0.123s] -- Check for working C compiler: /usr/bin/cc - skipped
[0.123s] -- Detecting C compile features
[0.123s] -- Detecting C compile features - done
[0.124s] -- Detecting CXX compiler ABI info
[0.171s] -- Detecting CXX compiler ABI info - done
[0.174s] -- Check for working CXX compiler: /usr/bin/c++ - skipped
[0.174s] -- Detecting CXX compile features
[0.174s] -- Detecting CXX compile features - done
[0.177s] -- Found ament_cmake: 1.3.12 (/opt/ros/humble/share/ament_cmake/cmake)
[0.260s] -- Found Python3: /usr/bin/python3 (found version "3.10.12") found components: Interpreter 
[0.311s] -- Found rclcpp: 16.0.17 (/opt/ros/humble/share/rclcpp/cmake)
[0.340s] -- Found rosidl_generator_c: 3.1.8 (/opt/ros/humble/share/rosidl_generator_c/cmake)
[0.344s] -- Found rosidl_adapter: 3.1.8 (/opt/ros/humble/share/rosidl_adapter/cmake)
[0.349s] -- Found rosidl_generator_cpp: 3.1.8 (/opt/ros/humble/share/rosidl_generator_cpp/cmake)
[0.358s] -- Using all available rosidl_typesupport_c: rosidl_typesupport_fastrtps_c;rosidl_typesupport_introspection_c
[0.368s] -- Using all available rosidl_typesupport_cpp: rosidl_typesupport_fastrtps_cpp;rosidl_typesupport_introspection_cpp
[0.394s] -- Found rmw_implementation_cmake: 6.1.2 (/opt/ros/humble/share/rmw_implementation_cmake/cmake)
[0.396s] -- Found rmw_fastrtps_cpp: 6.2.9 (/opt/ros/humble/share/rmw_fastrtps_cpp/cmake)
[0.453s] -- Found OpenSSL: /usr/lib/x86_64-linux-gnu/libcrypto.so (found version "3.0.2")  
[0.470s] -- Found FastRTPS: /opt/ros/humble/include  
[0.494s] -- Using RMW implementation 'rmw_fastrtps_cpp' as default
[0.503s] -- Looking for pthread.h
[0.552s] -- Looking for pthread.h - found
[0.552s] -- Performing Test CMAKE_HAVE_LIBC_PTHREAD
[0.595s] -- Performing Test CMAKE_HAVE_LIBC_PTHREAD - Success
[0.596s] -- Found Threads: TRUE  
[0.628s] -- Use local rm_server prefix: /media/zdk/文件/ckyf/version/rm/rm/session2/work2/src/cilent/../../rm_server/rm_server
[0.628s] -- Found rm_server: 0.0.0 (/media/zdk/文件/ckyf/version/rm/rm/session2/work2/rm_server/rm_server/share/rm_server/cmake)
[0.635s] -- Found ament_lint_auto: 0.12.14 (/opt/ros/humble/share/ament_lint_auto/cmake)
[0.682s] -- Added test 'cppcheck' to perform static code analysis on C / C++ code
[0.682s] -- Configured cppcheck include dirs: 
[0.682s] -- Configured cppcheck exclude dirs and/or files: 
[0.682s] -- Added test 'lint_cmake' to check CMake code style
[0.683s] -- Added test 'uncrustify' to check C / C++ code style
[0.683s] -- Configured uncrustify additional arguments: 
[0.683s] -- Added test 'xmllint' to check XML markup files
[0.684s] -- Configuring done
[0.688s] -- Generating done
[0.689s] -- Build files have been written to: /media/zdk/文件/ckyf/version/rm/rm/session2/work2/src/build/cilent
[0.694s] Invoked command in '/media/zdk/文件/ckyf/version/rm/rm/session2/work2/src/build/cilent' returned '0': CMAKE_PREFIX_PATH=${CMAKE_PREFIX_PATH}:/opt/ros/humble /usr/bin/cmake /media/zdk/文件/ckyf/version/rm/rm/session2/work2/src/cilent -DCMAKE_INSTALL_PREFIX=/media/zdk/文件/ckyf/version/rm/rm/session2/work2/src/install/cilent
[0.695s] Invoking command in '/media/zdk/文件/ckyf/version/rm/rm/session2/work2/src/build/cilent': CMAKE_PREFIX_PATH=${CMAKE_PREFIX_PATH}:/opt/ros/humble /usr/bin/cmake --build /media/zdk/文件/ckyf/version/rm/rm/session2/work2/src/build/cilent -- -j32 -l32
[0.726s] [ 50%] [32mBuilding CXX object CMakeFiles/topic_listener.dir/src/topic_listener.cpp.o[0m
[4.539s] [100%] [32m[1mLinking CXX executable topic_listener[0m
[4.751s] [100%] Built target topic_listener
[4.758s] Invoked command in '/media/zdk/文件/ckyf/version/rm/rm/session2/work2/src/build/cilent' returned '0': CMAKE_PREFIX_PATH=${CMAKE_PREFIX_PATH}:/opt/ros/humble /usr/bin/cmake --build /media/zdk/文件/ckyf/version/rm/rm/session2/work2/src/build/cilent -- -j32 -l32
[4.764s] Invoking command in '/media/zdk/文件/ckyf/version/rm/rm/session2/work2/src/build/cilent': CMAKE_PREFIX_PATH=${CMAKE_PREFIX_PATH}:/opt/ros/humble /usr/bin/cmake --install /media/zdk/文件/ckyf/version/rm/rm/session2/work2/src/build/cilent
[4.768s] -- Install configuration: ""
[4.768s] -- Installing: /media/zdk/文件/ckyf/version/rm/rm/session2/work2/src/install/cilent/lib/cilent/topic_listener
[4.769s] -- Set runtime path of "/media/zdk/文件/ckyf/version/rm/rm/session2/work2/src/install/cilent/lib/cilent/topic_listener" to "/media/zdk/文件/ckyf/version/rm/rm/session2/work2/src/cilent/../../rm_server/rm_server/lib"
[4.769s] -- Installing: /media/zdk/文件/ckyf/version/rm/rm/session2/work2/src/install/cilent/share/ament_index/resource_index/package_run_dependencies/cilent
[4.769s] -- Installing: /media/zdk/文件/ckyf/version/rm/rm/session2/work2/src/install/cilent/share/ament_index/resource_index/parent_prefix_path/cilent
[4.769s] -- Installing: /media/zdk/文件/ckyf/version/rm/rm/session2/work2/src/install/cilent/share/cilent/environment/ament_prefix_path.sh
[4.769s] -- Installing: /media/zdk/文件/ckyf/version/rm/rm/session2/work2/src/install/cilent/share/cilent/environment/ament_prefix_path.dsv
[4.769s] -- Installing: /media/zdk/文件/ckyf/version/rm/rm/session2/work2/src/install/cilent/share/cilent/environment/path.sh
[4.769s] -- Installing: /media/zdk/文件/ckyf/version/rm/rm/session2/work2/src/install/cilent/share/cilent/environment/path.dsv
[4.769s] -- Installing: /media/zdk/文件/ckyf/version/rm/rm/session2/work2/src/install/cilent/share/cilent/local_setup.bash
[4.770s] -- Installing: /media/zdk/文件/ckyf/version/rm/rm/session2/work2/src/install/cilent/share/cilent/local_setup.sh
[4.770s] -- Installing: /media/zdk/文件/ckyf/version/rm/rm/session2/work2/src/install/cilent/share/cilent/local_setup.zsh
[4.770s] -- Installing: /media/zdk/文件/ckyf/version/rm/rm/session2/work2/src/install/cilent/share/cilent/local_setup.dsv
[4.770s] -- Installing: /media/zdk/文件/ckyf/version/rm/rm/session2/work2/src/install/cilent/share/cilent/package.dsv
[4.770s] -- Installing: /media/zdk/文件/ckyf/version/rm/rm/session2/work2/src/install/cilent/share/ament_index/resource_index/packages/cilent
[4.770s] -- Installing: /media/zdk/文件/ckyf/version/rm/rm/session2/work2/src/install/cilent/share/cilent/cmake/cilentConfig.cmake
[4.770s] -- Installing: /media/zdk/文件/ckyf/version/rm/rm/session2/work2/src/install/cilent/share/cilent/cmake/cilentConfig-version.cmake
[4.770s] -- Installing: /media/zdk/文件/ckyf/version/rm/rm/session2/work2/src/install/cilent/share/cilent/package.xml
[4.771s] Invoked command in '/media/zdk/文件/ckyf/version/rm/rm/session2/work2/src/build/cilent' returned '0': CMAKE_PREFIX_PATH=${CMAKE_PREFIX_PATH}:/opt/ros/humble /usr/bin/cmake --install /media/zdk/文件/ckyf/version/rm/rm/session2/work2/src/build/cilent
