[0.007s] Invoking command in '/media/zdk/文件/ckyf/version/rm/rm/session2/work2/src/build/cilent': CMAKE_PREFIX_PATH=${CMAKE_PREFIX_PATH}:/opt/ros/humble /usr/bin/cmake --build /media/zdk/文件/ckyf/version/rm/rm/session2/work2/src/build/cilent -- -j32 -l32
[0.033s] [35m[1mConsolidate compiler generated dependencies of target topic_listener[0m
[0.043s] [100%] Built target topic_listener
[0.049s] Invoked command in '/media/zdk/文件/ckyf/version/rm/rm/session2/work2/src/build/cilent' returned '0': CMAKE_PREFIX_PATH=${CMAKE_PREFIX_PATH}:/opt/ros/humble /usr/bin/cmake --build /media/zdk/文件/ckyf/version/rm/rm/session2/work2/src/build/cilent -- -j32 -l32
[0.055s] Invoking command in '/media/zdk/文件/ckyf/version/rm/rm/session2/work2/src/build/cilent': CMAKE_PREFIX_PATH=${CMAKE_PREFIX_PATH}:/opt/ros/humble /usr/bin/cmake --install /media/zdk/文件/ckyf/version/rm/rm/session2/work2/src/build/cilent
[0.059s] -- Install configuration: ""
[0.059s] -- Up-to-date: /media/zdk/文件/ckyf/version/rm/rm/session2/work2/src/install/cilent/lib/cilent/topic_listener
[0.059s] -- Up-to-date: /media/zdk/文件/ckyf/version/rm/rm/session2/work2/src/install/cilent/share/ament_index/resource_index/package_run_dependencies/cilent
[0.059s] -- Up-to-date: /media/zdk/文件/ckyf/version/rm/rm/session2/work2/src/install/cilent/share/ament_index/resource_index/parent_prefix_path/cilent
[0.059s] -- Up-to-date: /media/zdk/文件/ckyf/version/rm/rm/session2/work2/src/install/cilent/share/cilent/environment/ament_prefix_path.sh
[0.059s] -- Up-to-date: /media/zdk/文件/ckyf/version/rm/rm/session2/work2/src/install/cilent/share/cilent/environment/ament_prefix_path.dsv
[0.059s] -- Up-to-date: /media/zdk/文件/ckyf/version/rm/rm/session2/work2/src/install/cilent/share/cilent/environment/path.sh
[0.059s] -- Up-to-date: /media/zdk/文件/ckyf/version/rm/rm/session2/work2/src/install/cilent/share/cilent/environment/path.dsv
[0.059s] -- Up-to-date: /media/zdk/文件/ckyf/version/rm/rm/session2/work2/src/install/cilent/share/cilent/local_setup.bash
[0.059s] -- Up-to-date: /media/zdk/文件/ckyf/version/rm/rm/session2/work2/src/install/cilent/share/cilent/local_setup.sh
[0.059s] -- Up-to-date: /media/zdk/文件/ckyf/version/rm/rm/session2/work2/src/install/cilent/share/cilent/local_setup.zsh
[0.059s] -- Up-to-date: /media/zdk/文件/ckyf/version/rm/rm/session2/work2/src/install/cilent/share/cilent/local_setup.dsv
[0.059s] -- Installing: /media/zdk/文件/ckyf/version/rm/rm/session2/work2/src/install/cilent/share/cilent/package.dsv
[0.059s] -- Up-to-date: /media/zdk/文件/ckyf/version/rm/rm/session2/work2/src/install/cilent/share/ament_index/resource_index/packages/cilent
[0.059s] -- Up-to-date: /media/zdk/文件/ckyf/version/rm/rm/session2/work2/src/install/cilent/share/cilent/cmake/cilentConfig.cmake
[0.059s] -- Up-to-date: /media/zdk/文件/ckyf/version/rm/rm/session2/work2/src/install/cilent/share/cilent/cmake/cilentConfig-version.cmake
[0.059s] -- Up-to-date: /media/zdk/文件/ckyf/version/rm/rm/session2/work2/src/install/cilent/share/cilent/package.xml
[0.060s] Invoked command in '/media/zdk/文件/ckyf/version/rm/rm/session2/work2/src/build/cilent' returned '0': CMAKE_PREFIX_PATH=${CMAKE_PREFIX_PATH}:/opt/ros/humble /usr/bin/cmake --install /media/zdk/文件/ckyf/version/rm/rm/session2/work2/src/build/cilent
